<?xml version="1.0" encoding="UTF-8" ?>

<testsuite failures="0" time="0.027" errors="0" skipped="0" tests="5" name="BasicTest">
  <testcase classname="BasicTest" name="aVeryImportantThingToTest" time="0.004">
      </testcase>
  <testcase classname="BasicTest" name="createAndRetrieveUser" time="0.006">
      </testcase>
  <testcase classname="BasicTest" name="createAndRetrieveUserWithTwoUsers" time="0.005">
      </testcase>
  <testcase classname="BasicTest" name="tryConnectAsUser" time="0.005">
      </testcase>
  <testcase classname="BasicTest" name="createPost" time="0.007">
      </testcase>
</testsuite>
